[2022-03-27 13:47:26] local.ERROR: Class "Predis\Client" not found {"exception":"[object] (Error(code: 0): Class \"Predis\\Client\" not found at /media/tasmidur/D/project/NISE_3/nise-cube-invoice-and-accounting-service/vendor/illuminate/redis/Connectors/PredisConnector.php:30)
[stacktrace]
#0 /media/tasmidur/D/project/NISE_3/nise-cube-invoice-and-accounting-service/vendor/illuminate/redis/RedisManager.php(111): Illuminate\\Redis\\Connectors\\PredisConnector->connect()
#1 /media/tasmidur/D/project/NISE_3/nise-cube-invoice-and-accounting-service/vendor/illuminate/redis/RedisManager.php(90): Illuminate\\Redis\\RedisManager->resolve()
#2 /media/tasmidur/D/project/NISE_3/nise-cube-invoice-and-accounting-service/vendor/illuminate/cache/RedisStore.php(258): Illuminate\\Redis\\RedisManager->connection()
#3 /media/tasmidur/D/project/NISE_3/nise-cube-invoice-and-accounting-service/vendor/illuminate/cache/RedisStore.php(233): Illuminate\\Cache\\RedisStore->connection()
#4 /media/tasmidur/D/project/NISE_3/nise-cube-invoice-and-accounting-service/vendor/illuminate/cache/Repository.php(674): Illuminate\\Cache\\RedisStore->flush()
#5 /media/tasmidur/D/project/NISE_3/nise-cube-invoice-and-accounting-service/vendor/illuminate/cache/Console/ClearCommand.php(67): Illuminate\\Cache\\Repository->__call()
#6 /media/tasmidur/D/project/NISE_3/nise-cube-invoice-and-accounting-service/vendor/illuminate/container/BoundMethod.php(36): Illuminate\\Cache\\Console\\ClearCommand->handle()
#7 /media/tasmidur/D/project/NISE_3/nise-cube-invoice-and-accounting-service/vendor/illuminate/container/Util.php(40): Illuminate\\Container\\BoundMethod::Illuminate\\Container\\{closure}()
#8 /media/tasmidur/D/project/NISE_3/nise-cube-invoice-and-accounting-service/vendor/illuminate/container/BoundMethod.php(93): Illuminate\\Container\\Util::unwrapIfClosure()
#9 /media/tasmidur/D/project/NISE_3/nise-cube-invoice-and-accounting-service/vendor/illuminate/container/BoundMethod.php(37): Illuminate\\Container\\BoundMethod::callBoundMethod()
#10 /media/tasmidur/D/project/NISE_3/nise-cube-invoice-and-accounting-service/vendor/illuminate/container/Container.php(653): Illuminate\\Container\\BoundMethod::call()
#11 /media/tasmidur/D/project/NISE_3/nise-cube-invoice-and-accounting-service/vendor/illuminate/console/Command.php(136): Illuminate\\Container\\Container->call()
#12 /media/tasmidur/D/project/NISE_3/nise-cube-invoice-and-accounting-service/vendor/symfony/console/Command/Command.php(298): Illuminate\\Console\\Command->execute()
#13 /media/tasmidur/D/project/NISE_3/nise-cube-invoice-and-accounting-service/vendor/illuminate/console/Command.php(121): Symfony\\Component\\Console\\Command\\Command->run()
#14 /media/tasmidur/D/project/NISE_3/nise-cube-invoice-and-accounting-service/vendor/symfony/console/Application.php(1015): Illuminate\\Console\\Command->run()
#15 /media/tasmidur/D/project/NISE_3/nise-cube-invoice-and-accounting-service/vendor/symfony/console/Application.php(299): Symfony\\Component\\Console\\Application->doRunCommand()
#16 /media/tasmidur/D/project/NISE_3/nise-cube-invoice-and-accounting-service/vendor/symfony/console/Application.php(171): Symfony\\Component\\Console\\Application->doRun()
#17 /media/tasmidur/D/project/NISE_3/nise-cube-invoice-and-accounting-service/vendor/illuminate/console/Application.php(94): Symfony\\Component\\Console\\Application->run()
#18 /media/tasmidur/D/project/NISE_3/nise-cube-invoice-and-accounting-service/vendor/laravel/lumen-framework/src/Console/Kernel.php(116): Illuminate\\Console\\Application->run()
#19 /media/tasmidur/D/project/NISE_3/nise-cube-invoice-and-accounting-service/artisan(35): Laravel\\Lumen\\Console\\Kernel->handle()
#20 {main}
"} 
[2022-03-27 13:47:30] local.ERROR: Class "Predis\Client" not found {"exception":"[object] (Error(code: 0): Class \"Predis\\Client\" not found at /media/tasmidur/D/project/NISE_3/nise-cube-invoice-and-accounting-service/vendor/illuminate/redis/Connectors/PredisConnector.php:30)
[stacktrace]
#0 /media/tasmidur/D/project/NISE_3/nise-cube-invoice-and-accounting-service/vendor/illuminate/redis/RedisManager.php(111): Illuminate\\Redis\\Connectors\\PredisConnector->connect()
#1 /media/tasmidur/D/project/NISE_3/nise-cube-invoice-and-accounting-service/vendor/illuminate/redis/RedisManager.php(90): Illuminate\\Redis\\RedisManager->resolve()
#2 /media/tasmidur/D/project/NISE_3/nise-cube-invoice-and-accounting-service/vendor/illuminate/cache/RedisStore.php(258): Illuminate\\Redis\\RedisManager->connection()
#3 /media/tasmidur/D/project/NISE_3/nise-cube-invoice-and-accounting-service/vendor/illuminate/cache/RedisStore.php(233): Illuminate\\Cache\\RedisStore->connection()
#4 /media/tasmidur/D/project/NISE_3/nise-cube-invoice-and-accounting-service/vendor/illuminate/cache/Repository.php(674): Illuminate\\Cache\\RedisStore->flush()
#5 /media/tasmidur/D/project/NISE_3/nise-cube-invoice-and-accounting-service/vendor/illuminate/cache/Console/ClearCommand.php(67): Illuminate\\Cache\\Repository->__call()
#6 /media/tasmidur/D/project/NISE_3/nise-cube-invoice-and-accounting-service/vendor/illuminate/container/BoundMethod.php(36): Illuminate\\Cache\\Console\\ClearCommand->handle()
#7 /media/tasmidur/D/project/NISE_3/nise-cube-invoice-and-accounting-service/vendor/illuminate/container/Util.php(40): Illuminate\\Container\\BoundMethod::Illuminate\\Container\\{closure}()
#8 /media/tasmidur/D/project/NISE_3/nise-cube-invoice-and-accounting-service/vendor/illuminate/container/BoundMethod.php(93): Illuminate\\Container\\Util::unwrapIfClosure()
#9 /media/tasmidur/D/project/NISE_3/nise-cube-invoice-and-accounting-service/vendor/illuminate/container/BoundMethod.php(37): Illuminate\\Container\\BoundMethod::callBoundMethod()
#10 /media/tasmidur/D/project/NISE_3/nise-cube-invoice-and-accounting-service/vendor/illuminate/container/Container.php(653): Illuminate\\Container\\BoundMethod::call()
#11 /media/tasmidur/D/project/NISE_3/nise-cube-invoice-and-accounting-service/vendor/illuminate/console/Command.php(136): Illuminate\\Container\\Container->call()
#12 /media/tasmidur/D/project/NISE_3/nise-cube-invoice-and-accounting-service/vendor/symfony/console/Command/Command.php(298): Illuminate\\Console\\Command->execute()
#13 /media/tasmidur/D/project/NISE_3/nise-cube-invoice-and-accounting-service/vendor/illuminate/console/Command.php(121): Symfony\\Component\\Console\\Command\\Command->run()
#14 /media/tasmidur/D/project/NISE_3/nise-cube-invoice-and-accounting-service/vendor/symfony/console/Application.php(1015): Illuminate\\Console\\Command->run()
#15 /media/tasmidur/D/project/NISE_3/nise-cube-invoice-and-accounting-service/vendor/symfony/console/Application.php(299): Symfony\\Component\\Console\\Application->doRunCommand()
#16 /media/tasmidur/D/project/NISE_3/nise-cube-invoice-and-accounting-service/vendor/symfony/console/Application.php(171): Symfony\\Component\\Console\\Application->doRun()
#17 /media/tasmidur/D/project/NISE_3/nise-cube-invoice-and-accounting-service/vendor/illuminate/console/Application.php(94): Symfony\\Component\\Console\\Application->run()
#18 /media/tasmidur/D/project/NISE_3/nise-cube-invoice-and-accounting-service/vendor/laravel/lumen-framework/src/Console/Kernel.php(116): Illuminate\\Console\\Application->run()
#19 /media/tasmidur/D/project/NISE_3/nise-cube-invoice-and-accounting-service/artisan(35): Laravel\\Lumen\\Console\\Kernel->handle()
#20 {main}
"} 
